<?xml version="1.0" encoding="UTF-8"?>
<!-- Generated by org.testng.reporters.JUnitXMLReporter -->
<testsuite hostname="DESKTOP-I3PHJQE" name="Surefire test" tests="3" failures="0" timestamp="10 Mar 2019 01:55:54 GMT" time="0.267" errors="0">
  <testcase name="testVoteException" time="0.017" classname="com.disney.studios.service.DogDAOTest"/>
  <testcase name="testGetAll" time="0.0" classname="com.disney.studios.service.DogPicServiceTest"/>
  <testcase name="testGetSpecificBreedEmpty" time="0.001" classname="com.disney.studios.service.DogPicServiceTest"/>
</testsuite> <!-- Surefire test -->
